This is XeTeX, Version 3.14159265-2.6-0.99992 (TeX Live 2015) (preloaded format=xelatex 2015.5.24)  3 AUG 2016 10:56
entering extended mode
 restricted \write18 enabled.
 file:line:error style messages enabled.
 %&-line parsing enabled.
**Nair_tex.tex
(./Nair_tex.tex
LaTeX2e <2015/01/01>
Babel <3.9l> and hyphenation patterns for 79 languages loaded.
(./rsos.cls

LaTeX Warning: You have requested document class `rsos',
               but the document class provides `rsproca'.

Document Class: rsproca 2005/12/01 v1.1 Standard LaTeX document class
(/usr/local/texlive/2015/texmf-dist/tex/latex/vruler/vruler.sty 2.3 <24/10/96>
    VRULER version 2.3 Octorber 1996 By Z Jiang
    University of New England, Australia
    Email: zhuhan@neumann.une.edu.au
) (/usr/local/texlive/2015/texmf-dist/tex/latex/crop/crop.sty
Package: crop 2003/05/20 v1.9 crop marks (mf)
\stockwidth=\dimen107
\stockheight=\dimen108
\CROP@index=\count89
 (/usr/local/texlive/2015/texmf-dist/tex/latex/graphics/color.sty
Package: color 2014/10/28 v1.1a Standard LaTeX Color (DPC)
 (/usr/local/texlive/2015/texmf-dist/tex/latex/latexconfig/color.cfg
File: color.cfg 2007/01/18 v1.5 color configuration of teTeX/TeXLive
)
Package color Info: Driver file: xetex.def on input line 142.
 (/usr/local/texlive/2015/texmf-dist/tex/xelatex/xetex-def/xetex.def
File: xetex.def 2015/03/25 v4.04 LaTeX color/graphics driver for XeTeX (TeX Live/RRM/JK)
)) (/usr/local/texlive/2015/texmf-dist/tex/latex/graphics/graphics.sty
Package: graphics 2014/10/28 v1.0p Standard LaTeX Graphics (DPC,SPQR)
 (/usr/local/texlive/2015/texmf-dist/tex/latex/graphics/trig.sty
Package: trig 1999/03/16 v1.09 sin cos tan (DPC)
) (/usr/local/texlive/2015/texmf-dist/tex/latex/latexconfig/graphics.cfg
File: graphics.cfg 2010/04/23 v1.9 graphics configuration of TeX Live
)
Package graphics Info: Driver file: xetex.def on input line 94.
)
\CROP@offset=\count90
Package crop Info: Local config file crop.cfg used on input line 605.
 (/usr/local/texlive/2015/texmf-dist/tex/xelatex/xetexconfig/crop.cfg)) (/usr/local/texlive/2015/texmf-dist/tex/latex/amsmath/amsmath.sty
Package: amsmath 2013/01/14 v2.14 AMS math features
\@mathmargin=\skip41

For additional information on amsmath, use the `?' option.
(/usr/local/texlive/2015/texmf-dist/tex/latex/amsmath/amstext.sty
Package: amstext 2000/06/29 v2.01
 (/usr/local/texlive/2015/texmf-dist/tex/latex/amsmath/amsgen.sty
File: amsgen.sty 1999/11/30 v2.0
\@emptytoks=\toks31
\ex@=\dimen109
)) (/usr/local/texlive/2015/texmf-dist/tex/latex/amsmath/amsbsy.sty
Package: amsbsy 1999/11/29 v1.2d
\pmbraise@=\dimen110
) (/usr/local/texlive/2015/texmf-dist/tex/latex/amsmath/amsopn.sty
Package: amsopn 1999/12/14 v2.01 operator names
)
\inf@bad=\count91
LaTeX Info: Redefining \frac on input line 210.
\uproot@=\count92
\leftroot@=\count93
LaTeX Info: Redefining \overline on input line 306.
\classnum@=\count94
\DOTSCASE@=\count95
LaTeX Info: Redefining \ldots on input line 378.
LaTeX Info: Redefining \dots on input line 381.
LaTeX Info: Redefining \cdots on input line 466.
\Mathstrutbox@=\box32
\strutbox@=\box33
\big@size=\dimen111
LaTeX Font Info:    Redeclaring font encoding OML on input line 566.
LaTeX Font Info:    Redeclaring font encoding OMS on input line 567.
\macc@depth=\count96
\c@MaxMatrixCols=\count97
\dotsspace@=\muskip10
\c@parentequation=\count98
\dspbrk@lvl=\count99
\tag@help=\toks32
\row@=\count100
\column@=\count101
\maxfields@=\count102
\andhelp@=\toks33
\eqnshift@=\dimen112
\alignsep@=\dimen113
\tagshift@=\dimen114
\tagwidth@=\dimen115
\totwidth@=\dimen116
\lineht@=\dimen117
\@envbody=\toks34
\multlinegap=\skip42
\multlinetaggap=\skip43
\mathdisplay@stack=\toks35
LaTeX Info: Redefining \[ on input line 2665.
LaTeX Info: Redefining \] on input line 2666.
) (/usr/local/texlive/2015/texmf-dist/tex/latex/amsfonts/amssymb.sty
Package: amssymb 2013/01/14 v3.01 AMS font symbols
 (/usr/local/texlive/2015/texmf-dist/tex/latex/amsfonts/amsfonts.sty
Package: amsfonts 2013/01/14 v3.01 Basic AMSFonts support
\symAMSa=\mathgroup4
\symAMSb=\mathgroup5
LaTeX Font Info:    Overwriting math alphabet `\mathfrak' in version `bold'
(Font)                  U/euf/m/n --> U/euf/b/n on input line 106.
)) (/usr/local/texlive/2015/texmf-dist/tex/latex/amscls/upref.sty
Package: upref 2007/03/14 v2.04
) (/usr/local/texlive/2015/texmf-dist/tex/latex/endnotes/endnotes.sty
\c@endnote=\count103
\endnotesep=\dimen118
\@enotes=\write3
) (/usr/local/texlive/2015/texmf-dist/tex/latex/amscls/amsthm.sty
Package: amsthm 2015/03/04 v2.20.2
\thm@style=\toks36
\thm@bodyfont=\toks37
\thm@headfont=\toks38
\thm@notefont=\toks39
\thm@headpunct=\toks40
\thm@preskip=\skip44
\thm@postskip=\skip45
\thm@headsep=\skip46
\dth@everypar=\toks41
) (/usr/local/texlive/2015/texmf-dist/tex/latex/marginnote/marginnote.sty
Package: marginnote 2012/03/29 v1.1i non floating margin notes for LaTeX
\c@mn@abspage=\count104
) (/usr/local/texlive/2015/texmf-dist/tex/latex/soul/soul.sty
Package: soul 2003/11/17 v2.4 letterspacing/underlining (mf)
\SOUL@word=\toks42
\SOUL@lasttoken=\toks43
\SOUL@cmds=\toks44
\SOUL@buffer=\toks45
\SOUL@token=\toks46
\SOUL@spaceskip=\skip47
\SOUL@ttwidth=\dimen119
\SOUL@uldp=\dimen120
\SOUL@ulht=\dimen121
) (/usr/local/texlive/2015/texmf-dist/tex/latex/graphics/graphicx.sty
Package: graphicx 2014/10/28 v1.0g Enhanced LaTeX Graphics (DPC,SPQR)
 (/usr/local/texlive/2015/texmf-dist/tex/latex/graphics/keyval.sty
Package: keyval 2014/10/28 v1.15 key=value parser (DPC)
\KV@toks@=\toks47
)
\Gin@req@height=\dimen122
\Gin@req@width=\dimen123
) (/usr/local/texlive/2015/texmf-dist/tex/latex/rotating/rotating.sty
Package: rotating 2009/03/28 v2.16a rotated objects in LaTeX
 (/usr/local/texlive/2015/texmf-dist/tex/latex/base/ifthen.sty
Package: ifthen 2014/09/29 v1.1c Standard LaTeX ifthen package (DPC)
)
\c@r@tfl@t=\count105
\rotFPtop=\skip48
\rotFPbot=\skip49
\rot@float@box=\box34
\rot@mess@toks=\toks48
) (/usr/local/texlive/2015/texmf-dist/tex/latex/lineno/lineno.sty
Package: lineno 2005/11/02 line numbers on paragraphs v4.41
Invalid UTF-8 byte or sequence at line 296 replaced by U+FFFD.
\linenopenalty=\count106
\output=\toks49
\linenoprevgraf=\count107
\linenumbersep=\dimen124
\linenumberwidth=\dimen125
\c@linenumber=\count108
\c@pagewiselinenumber=\count109
\c@LN@truepage=\count110
\c@internallinenumber=\count111
\c@internallinenumbers=\count112
\quotelinenumbersep=\dimen126
\bframerule=\dimen127
\bframesep=\dimen128
\bframebox=\box35
LaTeX Info: Redefining \\ on input line 3056.
) (/usr/local/texlive/2015/texmf-dist/tex/latex/siunitx/siunitx.sty (/usr/local/texlive/2015/texmf-dist/tex/latex/l3kernel/expl3.sty
Package: expl3 2015/03/01 v5547 L3 programming layer (loader) 
 (/usr/local/texlive/2015/texmf-dist/tex/latex/l3kernel/expl3-code.tex
Package: expl3 2015/03/01 v5547 L3 programming layer (code) 
L3 Module: l3bootstrap 2015/02/28 v5542 L3 Bootstrap code
L3 Module: l3names 2015/02/24 v5535 L3 Namespace for primitives
L3 Module: l3basics 2015/01/27 v5500 L3 Basic definitions
L3 Module: l3expan 2014/11/27 v5472 L3 Argument expansion
L3 Module: l3tl 2015/01/27 v5500 L3 Token lists
L3 Module: l3str 2015/03/01 v5545 L3 Strings
L3 Module: l3seq 2014/08/23 v5354 L3 Sequences and stacks
L3 Module: l3int 2015/02/21 v5529 L3 Integers
\c_max_int=\count113
\l_tmpa_int=\count114
\l_tmpb_int=\count115
\g_tmpa_int=\count116
\g_tmpb_int=\count117
L3 Module: l3quark 2014/08/23 v5354 L3 Quarks
L3 Module: l3prg 2014/08/23 v5354 L3 Control structures
\g__prg_map_int=\count118
L3 Module: l3clist 2014/08/23 v5354 L3 Comma separated lists
L3 Module: l3token 2014/09/15 v5422 L3 Experimental token manipulation
L3 Module: l3prop 2014/08/23 v5354 L3 Property lists
L3 Module: l3msg 2015/02/26 v5537 L3 Messages
L3 Module: l3file 2014/08/24 v5369 L3 File and I/O operations
\l_iow_line_count_int=\count119
\l__iow_target_count_int=\count120
\l__iow_current_line_int=\count121
\l__iow_current_word_int=\count122
\l__iow_current_indentation_int=\count123
L3 Module: l3skip 2014/08/23 v5354 L3 Dimensions and skips
\c_zero_dim=\dimen129
\c_max_dim=\dimen130
\l_tmpa_dim=\dimen131
\l_tmpb_dim=\dimen132
\g_tmpa_dim=\dimen133
\g_tmpb_dim=\dimen134
\c_zero_skip=\skip50
\c_max_skip=\skip51
\l_tmpa_skip=\skip52
\l_tmpb_skip=\skip53
\g_tmpa_skip=\skip54
\g_tmpb_skip=\skip55
\c_zero_muskip=\muskip11
\c_max_muskip=\muskip12
\l_tmpa_muskip=\muskip13
\l_tmpb_muskip=\muskip14
\g_tmpa_muskip=\muskip15
\g_tmpb_muskip=\muskip16
L3 Module: l3keys 2015/01/27 v5500 L3 Key-value interfaces
\g__keyval_level_int=\count124
\l_keys_choice_int=\count125
L3 Module: l3fp 2014/08/22 v5336 L3 Floating points
\c__fp_leading_shift_int=\count126
\c__fp_middle_shift_int=\count127
\c__fp_trailing_shift_int=\count128
\c__fp_big_leading_shift_int=\count129
\c__fp_big_middle_shift_int=\count130
\c__fp_big_trailing_shift_int=\count131
\c__fp_Bigg_leading_shift_int=\count132
\c__fp_Bigg_middle_shift_int=\count133
\c__fp_Bigg_trailing_shift_int=\count134
L3 Module: l3box 2014/08/23 v5354 L3 Experimental boxes
\c_empty_box=\box36
\l_tmpa_box=\box37
\l_tmpb_box=\box38
\g_tmpa_box=\box39
\g_tmpb_box=\box40
L3 Module: l3coffins 2014/08/23 v5354 L3 Coffin code layer
\l__coffin_internal_box=\box41
\l__coffin_internal_dim=\dimen135
\l__coffin_offset_x_dim=\dimen136
\l__coffin_offset_y_dim=\dimen137
\l__coffin_x_dim=\dimen138
\l__coffin_y_dim=\dimen139
\l__coffin_x_prime_dim=\dimen140
\l__coffin_y_prime_dim=\dimen141
\c_empty_coffin=\box42
\l__coffin_aligned_coffin=\box43
\l__coffin_aligned_internal_coffin=\box44
\l_tmpa_coffin=\box45
\l_tmpb_coffin=\box46
\l__coffin_display_coffin=\box47
\l__coffin_display_coord_coffin=\box48
\l__coffin_display_pole_coffin=\box49
\l__coffin_display_offset_dim=\dimen142
\l__coffin_display_x_dim=\dimen143
\l__coffin_display_y_dim=\dimen144
L3 Module: l3color 2014/08/23 v5354 L3 Experimental color support
L3 Module: l3candidates 2015/03/01 v5544 L3 Experimental additions to l3kernel
\l__box_top_dim=\dimen145
\l__box_bottom_dim=\dimen146
\l__box_left_dim=\dimen147
\l__box_right_dim=\dimen148
\l__box_top_new_dim=\dimen149
\l__box_bottom_new_dim=\dimen150
\l__box_left_new_dim=\dimen151
\l__box_right_new_dim=\dimen152
\l__box_internal_box=\box50
\l__coffin_bounding_shift_dim=\dimen153
\l__coffin_left_corner_dim=\dimen154
\l__coffin_right_corner_dim=\dimen155
\l__coffin_bottom_corner_dim=\dimen156
\l__coffin_top_corner_dim=\dimen157
\l__coffin_scaled_total_height_dim=\dimen158
\l__coffin_scaled_width_dim=\dimen159
) (/usr/local/texlive/2015/texmf-dist/tex/latex/l3kernel/l3unicode-data.def
File: l3unicode-data.def 2015/03/01 v5544 L3 Unicode data
) (/usr/local/texlive/2015/texmf-dist/tex/latex/l3kernel/l3xdvipdfmx.def
File: l3xdvidpfmx.def 2015/03/01 v5544 L3 Experimental driver: xdvipdfmx
)) (/usr/local/texlive/2015/texmf-dist/tex/latex/l3packages/xparse/xparse.sty
Package: xparse 2014/11/25 v5471 L3 Experimental document command parser
\l__xparse_current_arg_int=\count135
\l__xparse_m_args_int=\count136
\l__xparse_mandatory_args_int=\count137
\l__xparse_processor_int=\count138
\l__xparse_v_nesting_int=\count139
)
Package: siunitx 2015/01/21 v2.6e A comprehensive (SI) units package
 (/usr/local/texlive/2015/texmf-dist/tex/latex/tools/array.sty
Package: array 2014/10/28 v2.4c Tabular extension package (FMi)
\col@sep=\dimen160
\extrarowheight=\dimen161
\NC@list=\toks50
\extratabsurround=\skip56
\backup@length=\skip57
) (/usr/local/texlive/2015/texmf-dist/tex/latex/l3packages/l3keys2e/l3keys2e.sty
Package: l3keys2e 2014/11/25 v5471 LaTeX2e option processing using LaTeX3 keys
)
Variant \tl_if_blank:VTF already defined; not changing it on line 50
\l__siunitx_tmp_box=\box51
\l__siunitx_tmp_dim=\dimen162
\l__siunitx_tmp_int=\count140
Variant \prop_get:NVNT already defined; not changing it on line 380
Variant \prop_get:NVNF already defined; not changing it on line 381
Variant \prop_get:NVNTF already defined; not changing it on line 382
\l__siunitx_number_mantissa_length_int=\count141
\l__siunitx_number_uncert_length_int=\count142
\l__siunitx_round_int=\count143
\l__siunitx_process_decimal_int=\count144
\l__siunitx_process_uncertainty_int=\count145
\l__siunitx_process_fixed_int=\count146
\l__siunitx_process_integer_min_int=\count147
\l__siunitx_process_precision_int=\count148
\l__siunitx_group_min_int=\count149
\l__siunitx_angle_marker_box=\box52
\l__siunitx_angle_unit_box=\box53
\l__siunitx_angle_marker_dim=\dimen163
\l__siunitx_angle_unit_dim=\dimen164
\l__siunitx_unit_int=\count150
\l__siunitx_unit_denominator_int=\count151
\l__siunitx_unit_numerator_int=\count152
\l__siunitx_unit_prefix_int=\count153
\l__siunitx_unit_prefix_base_int=\count154
\l__siunitx_unit_prefix_gram_int=\count155
\l__siunitx_number_product_int=\count156
\c__siunitx_one_fill_skip=\skip58
\l__siunitx_table_unit_align_skip=\skip59
\l__siunitx_table_exponent_dim=\dimen165
\l__siunitx_table_integer_dim=\dimen166
\l__siunitx_table_mantissa_dim=\dimen167
\l__siunitx_table_marker_dim=\dimen168
\l__siunitx_table_result_dim=\dimen169
\l__siunitx_table_uncert_dim=\dimen170
\l__siunitx_table_fill_pre_dim=\dimen171
\l__siunitx_table_fill_post_dim=\dimen172
\l__siunitx_table_fill_mid_dim=\dimen173
\l__siunitx_table_pre_box=\box54
\l__siunitx_table_post_box=\box55
\l__siunitx_table_mantissa_box=\box56
\l__siunitx_table_result_box=\box57
\l__siunitx_table_number_align_skip=\skip60
\l__siunitx_table_text_align_skip=\skip61
.................................................
. LaTeX info: "xparse/define-command"
. 
. Defining command \DeclareBinaryPrefix with sig. 'mmm' on line 7176.
.................................................
.................................................
. LaTeX info: "xparse/define-command"
. 
. Defining command \DeclareSIPostPower with sig. 'mm' on line 7179.
.................................................
.................................................
. LaTeX info: "xparse/define-command"
. 
. Defining command \DeclareSIPrefix with sig. 'mmm' on line 7182.
.................................................
.................................................
. LaTeX info: "xparse/define-command"
. 
. Defining command \DeclareSIPrePower with sig. 'mm' on line 7185.
.................................................
.................................................
. LaTeX info: "xparse/define-command"
. 
. Defining command \DeclareSIQualifier with sig. 'mm' on line 7188.
.................................................
.................................................
. LaTeX info: "xparse/define-command"
. 
. Defining command \DeclareSIUnit with sig. 'O{}mm' on line 7191.
.................................................
.................................................
. LaTeX info: "xparse/define-command"
. 
. Defining command \DeclareSIUnitWithOptions with sig. 'mmm' on line 7194.
.................................................
.................................................
. LaTeX info: "xparse/define-command"
. 
. Defining command \ang with sig. 'o>{\SplitArgument {2}{;}}m' on line 7209.
.................................................
.................................................
. LaTeX info: "xparse/define-command"
. 
. Defining command \num with sig. 'om' on line 7217.
.................................................
.................................................
. LaTeX info: "xparse/define-command"
. 
. Defining command \numlist with sig. 'o>{\SplitList {;}}m' on line 7225.
.................................................
.................................................
. LaTeX info: "xparse/define-command"
. 
. Defining command \numrange with sig. 'omm' on line 7233.
.................................................
.................................................
. LaTeX info: "xparse/define-command"
. 
. Defining command \SIlist with sig. 'o>{\SplitList {;}}mm' on line 7244.
.................................................
.................................................
. LaTeX info: "xparse/define-command"
. 
. Defining command \SIrange with sig. 'ommm' on line 7255.
.................................................
.................................................
. LaTeX info: "xparse/define-command"
. 
. Defining command \SI with sig. 'omom' on line 7266.
.................................................
.................................................
. LaTeX info: "xparse/define-command"
. 
. Defining command \sisetup with sig. 'm' on line 7269.
.................................................
.................................................
. LaTeX info: "xparse/define-command"
. 
. Defining command \tablenum with sig. 'om' on line 7281.
.................................................
.................................................
. LaTeX info: "xparse/define-command"
. 
. Defining command \si with sig. 'om' on line 7292.
.................................................
.................................................
. LaTeX info: "xparse/define-command"
. 
. Defining command \__siunitx_bookmark_num:w with sig. 'om' on line 7339.
.................................................
.................................................
. LaTeX info: "xparse/define-command"
. 
. Defining command \__siunitx_bookmark_numrange:w with sig. 'omm' on line
. 7341.
.................................................
.................................................
. LaTeX info: "xparse/define-command"
. 
. Defining command \__siunitx_bookmark_SI:w with sig. 'omom' on line 7343.
.................................................
.................................................
. LaTeX info: "xparse/define-command"
. 
. Defining command \__siunitx_bookmark_SIlist:w with sig. 'omm' on line 7345.
.................................................
.................................................
. LaTeX info: "xparse/define-command"
. 
. Defining command \__siunitx_bookmark_SIrange:w with sig. 'ommm' on line
. 7347.
.................................................
.................................................
. LaTeX info: "xparse/define-command"
. 
. Defining command \__siunitx_bookmark_si:w with sig. 'om' on line 7348.
.................................................
\g__file_internal_ior=\read4
 (/usr/local/texlive/2015/texmf-dist/tex/latex/beamer/translator/translator.sty
Package: translator 2010/06/12 ver 1.10
 (/usr/local/texlive/2015/texmf-dist/tex/latex/beamer/translator/translator-language-mappings.tex))) (/usr/local/texlive/2015/texmf-dist/tex/latex/todonotes/todonotes.sty
Package: todonotes 2012/07/25 .dtx Todonotes source and documentation.
Package: todonotes 2012/07/25
 (/usr/local/texlive/2015/texmf-dist/tex/latex/xkeyval/xkeyval.sty
Package: xkeyval 2014/12/03 v2.7a package option processing (HA)
 (/usr/local/texlive/2015/texmf-dist/tex/generic/xkeyval/xkeyval.tex
(/usr/local/texlive/2015/texmf-dist/tex/generic/xkeyval/xkvutils.tex
\XKV@toks=\toks51
\XKV@tempa@toks=\toks52
)
\XKV@depth=\count157
File: xkeyval.tex 2014/12/03 v2.7a key=value parser (HA)
)) (/usr/local/texlive/2015/texmf-dist/tex/latex/xcolor/xcolor.sty
Package: xcolor 2007/01/21 v2.11 LaTeX color extensions (UK)
 (/usr/local/texlive/2015/texmf-dist/tex/latex/latexconfig/color.cfg
File: color.cfg 2007/01/18 v1.5 color configuration of teTeX/TeXLive
)
Package xcolor Info: Driver file: xetex.def on input line 225.
LaTeX Info: Redefining \color on input line 702.
Package xcolor Info: Model `cmy' substituted by `cmy0' on input line 1337.
Package xcolor Info: Model `RGB' extended on input line 1353.
Package xcolor Info: Model `HTML' substituted by `rgb' on input line 1355.
Package xcolor Info: Model `Hsb' substituted by `hsb' on input line 1356.
Package xcolor Info: Model `tHsb' substituted by `hsb' on input line 1357.
Package xcolor Info: Model `HSB' substituted by `hsb' on input line 1358.
Package xcolor Info: Model `Gray' substituted by `gray' on input line 1359.
Package xcolor Info: Model `wave' substituted by `hsb' on input line 1360.
) (/usr/local/texlive/2015/texmf-dist/tex/latex/pgf/frontendlayer/tikz.sty (/usr/local/texlive/2015/texmf-dist/tex/latex/pgf/basiclayer/pgf.sty (/usr/local/texlive/2015/texmf-dist/tex/latex/pgf/utilities/pgfrcs.sty (/usr/local/texlive/2015/texmf-dist/tex/generic/pgf/utilities/pgfutil-common.tex
\pgfutil@everybye=\toks53
\pgfutil@tempdima=\dimen174
\pgfutil@tempdimb=\dimen175
 (/usr/local/texlive/2015/texmf-dist/tex/generic/pgf/utilities/pgfutil-common-lists.tex)) (/usr/local/texlive/2015/texmf-dist/tex/generic/pgf/utilities/pgfutil-latex.def
\pgfutil@abb=\box58
 (/usr/local/texlive/2015/texmf-dist/tex/latex/ms/everyshi.sty
Package: everyshi 2001/05/15 v3.00 EveryShipout Package (MS)
)) (/usr/local/texlive/2015/texmf-dist/tex/generic/pgf/utilities/pgfrcs.code.tex
Package: pgfrcs 2013/12/20 v3.0.0 (rcs-revision 1.28)
))
Package: pgf 2013/12/18 v3.0.0 (rcs-revision 1.14)
 (/usr/local/texlive/2015/texmf-dist/tex/latex/pgf/basiclayer/pgfcore.sty (/usr/local/texlive/2015/texmf-dist/tex/latex/pgf/systemlayer/pgfsys.sty (/usr/local/texlive/2015/texmf-dist/tex/generic/pgf/systemlayer/pgfsys.code.tex
Package: pgfsys 2013/11/30 v3.0.0 (rcs-revision 1.47)
 (/usr/local/texlive/2015/texmf-dist/tex/generic/pgf/utilities/pgfkeys.code.tex
\pgfkeys@pathtoks=\toks54
\pgfkeys@temptoks=\toks55
 (/usr/local/texlive/2015/texmf-dist/tex/generic/pgf/utilities/pgfkeysfiltered.code.tex
\pgfkeys@tmptoks=\toks56
))
\pgf@x=\dimen176
\pgf@y=\dimen177
\pgf@xa=\dimen178
\pgf@ya=\dimen179
\pgf@xb=\dimen180
\pgf@yb=\dimen181
\pgf@xc=\dimen182
\pgf@yc=\dimen183
\w@pgf@writea=\write4
\r@pgf@reada=\read5
\c@pgf@counta=\count158
\c@pgf@countb=\count159
\c@pgf@countc=\count160
\c@pgf@countd=\count161
\t@pgf@toka=\toks57
\t@pgf@tokb=\toks58
\t@pgf@tokc=\toks59
 (/usr/local/texlive/2015/texmf-dist/tex/generic/pgf/systemlayer/pgf.cfg
File: pgf.cfg 2008/05/14  (rcs-revision 1.7)
)
Driver file for pgf: pgfsys-xetex.def
 (/usr/local/texlive/2015/texmf-dist/tex/generic/pgf/systemlayer/pgfsys-xetex.def
File: pgfsys-xetex.def 2013/07/16  (rcs-revision 1.9)
 (/usr/local/texlive/2015/texmf-dist/tex/generic/pgf/systemlayer/pgfsys-dvipdfmx.def
File: pgfsys-dvipdfmx.def 2013/08/28  (rcs-revision 1.12)
 (/usr/local/texlive/2015/texmf-dist/tex/generic/pgf/systemlayer/pgfsys-common-pdf.def
File: pgfsys-common-pdf.def 2013/10/10  (rcs-revision 1.13)
)
\pgfsys@objnum=\count162
))) (/usr/local/texlive/2015/texmf-dist/tex/generic/pgf/systemlayer/pgfsyssoftpath.code.tex
File: pgfsyssoftpath.code.tex 2013/09/09  (rcs-revision 1.9)
\pgfsyssoftpath@smallbuffer@items=\count163
\pgfsyssoftpath@bigbuffer@items=\count164
) (/usr/local/texlive/2015/texmf-dist/tex/generic/pgf/systemlayer/pgfsysprotocol.code.tex
File: pgfsysprotocol.code.tex 2006/10/16  (rcs-revision 1.4)
)) (/usr/local/texlive/2015/texmf-dist/tex/generic/pgf/basiclayer/pgfcore.code.tex
Package: pgfcore 2010/04/11 v3.0.0 (rcs-revision 1.7)
 (/usr/local/texlive/2015/texmf-dist/tex/generic/pgf/math/pgfmath.code.tex (/usr/local/texlive/2015/texmf-dist/tex/generic/pgf/math/pgfmathcalc.code.tex (/usr/local/texlive/2015/texmf-dist/tex/generic/pgf/math/pgfmathutil.code.tex)
(/usr/local/texlive/2015/texmf-dist/tex/generic/pgf/math/pgfmathparser.code.tex
\pgfmath@dimen=\dimen184
\pgfmath@count=\count165
\pgfmath@box=\box59
\pgfmath@toks=\toks60
\pgfmath@stack@operand=\toks61
\pgfmath@stack@operation=\toks62
) (/usr/local/texlive/2015/texmf-dist/tex/generic/pgf/math/pgfmathfunctions.code.tex (/usr/local/texlive/2015/texmf-dist/tex/generic/pgf/math/pgfmathfunctions.basic.code.tex) (/usr/local/texlive/2015/texmf-dist/tex/generic/pgf/math/pgfmathfunctions.trigonometric.code.tex) (/usr/local/texlive/2015/texmf-dist/tex/generic/pgf/math/pgfmathfunctions.random.code.tex) (/usr/local/texlive/2015/texmf-dist/tex/generic/pgf/math/pgfmathfunctions.comparison.code.tex) (/usr/local/texlive/2015/texmf-dist/tex/generic/pgf/math/pgfmathfunctions.base.code.tex) (/usr/local/texlive/2015/texmf-dist/tex/generic/pgf/math/pgfmathfunctions.round.code.tex) (/usr/local/texlive/2015/texmf-dist/tex/generic/pgf/math/pgfmathfunctions.misc.code.tex) (/usr/local/texlive/2015/texmf-dist/tex/generic/pgf/math/pgfmathfunctions.integerarithmetics.code.tex))) (/usr/local/texlive/2015/texmf-dist/tex/generic/pgf/math/pgfmathfloat.code.tex
\c@pgfmathroundto@lastzeros=\count166
)) (/usr/local/texlive/2015/texmf-dist/tex/generic/pgf/basiclayer/pgfcorepoints.code.tex
File: pgfcorepoints.code.tex 2013/10/07  (rcs-revision 1.27)
\pgf@picminx=\dimen185
\pgf@picmaxx=\dimen186
\pgf@picminy=\dimen187
\pgf@picmaxy=\dimen188
\pgf@pathminx=\dimen189
\pgf@pathmaxx=\dimen190
\pgf@pathminy=\dimen191
\pgf@pathmaxy=\dimen192
\pgf@xx=\dimen193
\pgf@xy=\dimen194
\pgf@yx=\dimen195
\pgf@yy=\dimen196
\pgf@zx=\dimen197
\pgf@zy=\dimen198
) (/usr/local/texlive/2015/texmf-dist/tex/generic/pgf/basiclayer/pgfcorepathconstruct.code.tex
File: pgfcorepathconstruct.code.tex 2013/10/07  (rcs-revision 1.29)
\pgf@path@lastx=\dimen199
\pgf@path@lasty=\dimen200
) (/usr/local/texlive/2015/texmf-dist/tex/generic/pgf/basiclayer/pgfcorepathusage.code.tex
File: pgfcorepathusage.code.tex 2013/12/13  (rcs-revision 1.23)
\pgf@shorten@end@additional=\dimen201
\pgf@shorten@start@additional=\dimen202
) (/usr/local/texlive/2015/texmf-dist/tex/generic/pgf/basiclayer/pgfcorescopes.code.tex
File: pgfcorescopes.code.tex 2013/10/09  (rcs-revision 1.44)
\pgfpic=\box60
\pgf@hbox=\box61
\pgf@layerbox@main=\box62
\pgf@picture@serial@count=\count167
) (/usr/local/texlive/2015/texmf-dist/tex/generic/pgf/basiclayer/pgfcoregraphicstate.code.tex
File: pgfcoregraphicstate.code.tex 2013/09/19  (rcs-revision 1.11)
\pgflinewidth=\dimen203
) (/usr/local/texlive/2015/texmf-dist/tex/generic/pgf/basiclayer/pgfcoretransformations.code.tex
File: pgfcoretransformations.code.tex 2013/10/10  (rcs-revision 1.17)
\pgf@pt@x=\dimen204
\pgf@pt@y=\dimen205
\pgf@pt@temp=\dimen206
) (/usr/local/texlive/2015/texmf-dist/tex/generic/pgf/basiclayer/pgfcorequick.code.tex
File: pgfcorequick.code.tex 2008/10/09  (rcs-revision 1.3)
) (/usr/local/texlive/2015/texmf-dist/tex/generic/pgf/basiclayer/pgfcoreobjects.code.tex
File: pgfcoreobjects.code.tex 2006/10/11  (rcs-revision 1.2)
) (/usr/local/texlive/2015/texmf-dist/tex/generic/pgf/basiclayer/pgfcorepathprocessing.code.tex
File: pgfcorepathprocessing.code.tex 2013/09/09  (rcs-revision 1.9)
) (/usr/local/texlive/2015/texmf-dist/tex/generic/pgf/basiclayer/pgfcorearrows.code.tex
File: pgfcorearrows.code.tex 2013/11/07  (rcs-revision 1.40)
\pgfarrowsep=\dimen207
) (/usr/local/texlive/2015/texmf-dist/tex/generic/pgf/basiclayer/pgfcoreshade.code.tex
File: pgfcoreshade.code.tex 2013/07/15  (rcs-revision 1.15)
\pgf@max=\dimen208
\pgf@sys@shading@range@num=\count168
)
(/usr/local/texlive/2015/texmf-dist/tex/generic/pgf/basiclayer/pgfcoreimage.code.tex
File: pgfcoreimage.code.tex 2013/07/15  (rcs-revision 1.18)
 (/usr/local/texlive/2015/texmf-dist/tex/generic/pgf/basiclayer/pgfcoreexternal.code.tex
File: pgfcoreexternal.code.tex 2013/07/15  (rcs-revision 1.20)
\pgfexternal@startupbox=\box63
)) (/usr/local/texlive/2015/texmf-dist/tex/generic/pgf/basiclayer/pgfcorelayers.code.tex
File: pgfcorelayers.code.tex 2013/07/18  (rcs-revision 1.7)
) (/usr/local/texlive/2015/texmf-dist/tex/generic/pgf/basiclayer/pgfcoretransparency.code.tex
File: pgfcoretransparency.code.tex 2013/09/30  (rcs-revision 1.5)
) (/usr/local/texlive/2015/texmf-dist/tex/generic/pgf/basiclayer/pgfcorepatterns.code.tex
File: pgfcorepatterns.code.tex 2013/11/07  (rcs-revision 1.5)
))) (/usr/local/texlive/2015/texmf-dist/tex/generic/pgf/modules/pgfmoduleshapes.code.tex
File: pgfmoduleshapes.code.tex 2013/10/31  (rcs-revision 1.34)
\pgfnodeparttextbox=\box64
) (/usr/local/texlive/2015/texmf-dist/tex/generic/pgf/modules/pgfmoduleplot.code.tex
File: pgfmoduleplot.code.tex 2013/07/31  (rcs-revision 1.12)
) (/usr/local/texlive/2015/texmf-dist/tex/latex/pgf/compatibility/pgfcomp-version-0-65.sty
Package: pgfcomp-version-0-65 2007/07/03 v3.0.0 (rcs-revision 1.7)
\pgf@nodesepstart=\dimen209
\pgf@nodesepend=\dimen210
) (/usr/local/texlive/2015/texmf-dist/tex/latex/pgf/compatibility/pgfcomp-version-1-18.sty
Package: pgfcomp-version-1-18 2007/07/23 v3.0.0 (rcs-revision 1.1)
)) (/usr/local/texlive/2015/texmf-dist/tex/latex/pgf/utilities/pgffor.sty (/usr/local/texlive/2015/texmf-dist/tex/latex/pgf/utilities/pgfkeys.sty (/usr/local/texlive/2015/texmf-dist/tex/generic/pgf/utilities/pgfkeys.code.tex)) (/usr/local/texlive/2015/texmf-dist/tex/latex/pgf/math/pgfmath.sty (/usr/local/texlive/2015/texmf-dist/tex/generic/pgf/math/pgfmath.code.tex)) (/usr/local/texlive/2015/texmf-dist/tex/generic/pgf/utilities/pgffor.code.tex
Package: pgffor 2013/12/13 v3.0.0 (rcs-revision 1.25)
 (/usr/local/texlive/2015/texmf-dist/tex/generic/pgf/math/pgfmath.code.tex)
\pgffor@iter=\dimen211
\pgffor@skip=\dimen212
\pgffor@stack=\toks63
\pgffor@toks=\toks64
)) (/usr/local/texlive/2015/texmf-dist/tex/generic/pgf/frontendlayer/tikz/tikz.code.tex
Package: tikz 2013/12/13 v3.0.0 (rcs-revision 1.142)
 (/usr/local/texlive/2015/texmf-dist/tex/generic/pgf/libraries/pgflibraryplothandlers.code.tex
File: pgflibraryplothandlers.code.tex 2013/08/31 v3.0.0 (rcs-revision 1.20)
\pgf@plot@mark@count=\count169
\pgfplotmarksize=\dimen213
)
\tikz@lastx=\dimen214
\tikz@lasty=\dimen215
\tikz@lastxsaved=\dimen216
\tikz@lastysaved=\dimen217
\tikzleveldistance=\dimen218
\tikzsiblingdistance=\dimen219
\tikz@figbox=\box65
\tikz@figbox@bg=\box66
\tikz@tempbox=\box67
\tikz@tempbox@bg=\box68
\tikztreelevel=\count170
\tikznumberofchildren=\count171
\tikznumberofcurrentchild=\count172
\tikz@fig@count=\count173
 (/usr/local/texlive/2015/texmf-dist/tex/generic/pgf/modules/pgfmodulematrix.code.tex
File: pgfmodulematrix.code.tex 2013/09/17  (rcs-revision 1.8)
\pgfmatrixcurrentrow=\count174
\pgfmatrixcurrentcolumn=\count175
\pgf@matrix@numberofcolumns=\count176
)
\tikz@expandcount=\count177
 (/usr/local/texlive/2015/texmf-dist/tex/generic/pgf/frontendlayer/tikz/libraries/tikzlibrarytopaths.code.tex
File: tikzlibrarytopaths.code.tex 2008/06/17 v3.0.0 (rcs-revision 1.2)
))) (/usr/local/texlive/2015/texmf-dist/tex/generic/pgf/frontendlayer/tikz/libraries/tikzlibrarypositioning.code.tex
File: tikzlibrarypositioning.code.tex 2008/10/06 v3.0.0 (rcs-revision 1.7)
) (/usr/local/texlive/2015/texmf-dist/tex/latex/tools/calc.sty
Package: calc 2014/10/28 v4.3 Infix arithmetic (KKT,FJ)
\calc@Acount=\count178
\calc@Bcount=\count179
\calc@Adimen=\dimen220
\calc@Bdimen=\dimen221
\calc@Askip=\skip62
\calc@Bskip=\skip63
LaTeX Info: Redefining \setlength on input line 80.
LaTeX Info: Redefining \addtolength on input line 81.
\calc@Ccount=\count180
\calc@Cskip=\skip64
)
\c@@todonotes@numberoftodonotes=\count181
) (/usr/local/texlive/2015/texmf-dist/tex/latex/tools/dcolumn.sty
Package: dcolumn 2014/10/28 v1.06 decimal alignment package (DPC)
) (/usr/local/texlive/2015/texmf-dist/tex/latex/base/fontenc.sty
Package: fontenc 2005/09/27 v1.99g Standard LaTeX package

(/usr/local/texlive/2015/texmf-dist/tex/latex/base/t1enc.def
File: t1enc.def 2005/09/27 v1.99g Standard LaTeX file
LaTeX Font Info:    Redeclaring font encoding T1 on input line 48.
)) (/usr/local/texlive/2015/texmf-dist/tex/latex/psnfss/palatino.sty
Package: palatino 2005/04/12 PSNFSS-v9.2a (SPQR) 
) (/usr/local/texlive/2015/texmf-dist/tex/latex/psnfss/helvet.sty
Package: helvet 2005/04/12 PSNFSS-v9.2a (WaS) 
)
\catchlinewd=\dimen222
\dcht=\dimen223
\frametextht=\dimen224
\myrunhwidth=\skip65
LaTeX Font Info:    Try loading font information for T1+phv on input line 487.
 (/usr/local/texlive/2015/texmf-dist/tex/latex/psnfss/t1phv.fd
File: t1phv.fd 2001/06/04 scalable font definitions for T1/phv.
)
LaTeX Font Info:    Font shape `T1/phv/m/n' will be
(Font)              scaled to size 9.35007pt on input line 487.
\c@part=\count182
\c@section=\count183
\c@subsection=\count184
\c@subsubsection=\count185
\c@paragraph=\count186
\c@subparagraph=\count187
\c@figure=\count188
\c@scheme=\count189
\c@table=\count190
\abovecaptionskip=\skip66
\belowcaptionskip=\skip67
\leftnoteskip=\dimen225
 (/usr/local/texlive/2015/texmf-dist/tex/latex/colortbl/colortbl.sty
Package: colortbl 2012/02/13 v1.0a Color table columns (DPC)
\everycr=\toks65
\minrowclearance=\skip68
)
\bibindent=\dimen226
\absbox=\box69
\fmtextbox=\box70
\c@mythm=\count191
\rotdimen=\dimen227
\symEulerExtension=\mathgroup6
LaTeX Font Info:    Redeclaring math symbol \intop on input line 1457.
LaTeX Font Info:    Redeclaring math symbol \ointop on input line 1458.
 (/usr/local/texlive/2015/texmf-dist/tex/latex/cite/cite.sty
LaTeX Info: Redefining \cite on input line 302.
LaTeX Info: Redefining \nocite on input line 332.
Package: cite 2015/02/27  v 5.5
)
\eqntext=\dimen228
 (/usr/local/texlive/2015/texmf-dist/tex/latex/hyperref/hyperref.sty
Package: hyperref 2012/11/06 v6.83m Hypertext links for LaTeX
 (/usr/local/texlive/2015/texmf-dist/tex/generic/oberdiek/hobsub-hyperref.sty
Package: hobsub-hyperref 2012/05/28 v1.13 Bundle oberdiek, subset hyperref (HO)
 (/usr/local/texlive/2015/texmf-dist/tex/generic/oberdiek/hobsub-generic.sty
Package: hobsub-generic 2012/05/28 v1.13 Bundle oberdiek, subset generic (HO)
Package: hobsub 2012/05/28 v1.13 Construct package bundles (HO)
Package: infwarerr 2010/04/08 v1.3 Providing info/warning/error messages (HO)
Package: ltxcmds 2011/11/09 v1.22 LaTeX kernel commands for general use (HO)
Package: ifluatex 2010/03/01 v1.3 Provides the ifluatex switch (HO)
Package ifluatex Info: LuaTeX not detected.
Package: ifvtex 2010/03/01 v1.5 Detect VTeX and its facilities (HO)
Package ifvtex Info: VTeX not detected.
Package: intcalc 2007/09/27 v1.1 Expandable calculations with integers (HO)
Package: ifpdf 2011/01/30 v2.3 Provides the ifpdf switch (HO)
Package ifpdf Info: pdfTeX in PDF mode is not detected.
Package: etexcmds 2011/02/16 v1.5 Avoid name clashes with e-TeX commands (HO)
Package etexcmds Info: Could not find \expanded.
(etexcmds)             That can mean that you are not using pdfTeX 1.50 or
(etexcmds)             that some package has redefined \expanded.
(etexcmds)             In the latter case, load this package earlier.
Package: kvsetkeys 2012/04/25 v1.16 Key value parser (HO)
Package: kvdefinekeys 2011/04/07 v1.3 Define keys (HO)
Package: pdftexcmds 2011/11/29 v0.20 Utility functions of pdfTeX for LuaTeX (HO)
Package pdftexcmds Info: LuaTeX not detected.
Package pdftexcmds Info: pdfTeX >= 1.30 not detected.
Package pdftexcmds Info: \pdf@primitive is available.
Package pdftexcmds Info: \pdf@ifprimitive is available.
Package pdftexcmds Info: \pdfdraftmode not found.
Package: pdfescape 2011/11/25 v1.13 Implements pdfTeX's escape features (HO)
Package: bigintcalc 2012/04/08 v1.3 Expandable calculations on big integers (HO)
Package: bitset 2011/01/30 v1.1 Handle bit-vector datatype (HO)
Package: uniquecounter 2011/01/30 v1.2 Provide unlimited unique counter (HO)
)
Package hobsub Info: Skipping package `hobsub' (already loaded).
Package: letltxmacro 2010/09/02 v1.4 Let assignment for LaTeX macros (HO)
Package: hopatch 2012/05/28 v1.2 Wrapper for package hooks (HO)
Package: xcolor-patch 2011/01/30 xcolor patch
Package: atveryend 2011/06/30 v1.8 Hooks at the very end of document (HO)
Package atveryend Info: \enddocument detected (standard20110627).
Package: atbegshi 2011/10/05 v1.16 At begin shipout hook (HO)
Package atbegshi Info: Package `crop' patched.
Package: refcount 2011/10/16 v3.4 Data extraction from label references (HO)
Package: hycolor 2011/01/30 v1.7 Color options for hyperref/bookmark (HO)
) (/usr/local/texlive/2015/texmf-dist/tex/generic/ifxetex/ifxetex.sty
Package: ifxetex 2010/09/12 v0.6 Provides ifxetex conditional
) (/usr/local/texlive/2015/texmf-dist/tex/latex/oberdiek/auxhook.sty
Package: auxhook 2011/03/04 v1.3 Hooks for auxiliary files (HO)
) (/usr/local/texlive/2015/texmf-dist/tex/latex/oberdiek/kvoptions.sty
Package: kvoptions 2011/06/30 v3.11 Key value format for package options (HO)
)
\@linkdim=\dimen229
\Hy@linkcounter=\count192
\Hy@pagecounter=\count193
 (/usr/local/texlive/2015/texmf-dist/tex/latex/hyperref/pd1enc.def
File: pd1enc.def 2012/11/06 v6.83m Hyperref: PDFDocEncoding definition (HO)
)
\Hy@SavedSpaceFactor=\count194
 (/usr/local/texlive/2015/texmf-dist/tex/latex/latexconfig/hyperref.cfg
File: hyperref.cfg 2002/06/06 v1.2 hyperref configuration of TeXLive
)
Package hyperref Info: Option `bookmarksnumbered' set `true' on input line 4319.
Package hyperref Info: Option `raiselinks' set `true' on input line 4319.
Package hyperref Info: Option `breaklinks' set `true' on input line 4319.
Package hyperref Info: Hyper figures OFF on input line 4443.
Package hyperref Info: Link nesting OFF on input line 4448.
Package hyperref Info: Hyper index ON on input line 4451.
Package hyperref Info: Plain pages OFF on input line 4458.
Package hyperref Info: Backreferencing OFF on input line 4463.
Package hyperref Info: Implicit mode ON; LaTeX internals redefined.
Package hyperref Info: Bookmarks ON on input line 4688.
\c@Hy@tempcnt=\count195
 (/usr/local/texlive/2015/texmf-dist/tex/latex/url/url.sty
\Urlmuskip=\muskip17
Package: url 2013/09/16  ver 3.4  Verb mode for urls, etc.
)
LaTeX Info: Redefining \url on input line 5041.
\XeTeXLinkMargin=\dimen230
\Fld@menulength=\count196
\Field@Width=\dimen231
\Fld@charsize=\dimen232
Package hyperref Info: Hyper figures OFF on input line 6295.
Package hyperref Info: Link nesting OFF on input line 6300.
Package hyperref Info: Hyper index ON on input line 6303.
Package hyperref Info: backreferencing OFF on input line 6310.
Package hyperref Info: Link coloring OFF on input line 6315.
Package hyperref Info: Link coloring with OCG OFF on input line 6320.
Package hyperref Info: PDF/A mode OFF on input line 6325.
LaTeX Info: Redefining \ref on input line 6365.
LaTeX Info: Redefining \pageref on input line 6369.
\Hy@abspage=\count197
\c@Item=\count198
\c@Hfootnote=\count199
)

Package hyperref Message: Driver (autodetected): hxetex.

(/usr/local/texlive/2015/texmf-dist/tex/latex/hyperref/hxetex.def
File: hxetex.def 2012/11/06 v6.83m Hyperref driver for XeTeX
 (/usr/local/texlive/2015/texmf-dist/tex/latex/hyperref/puenc.def
File: puenc.def 2012/11/06 v6.83m Hyperref: PDF Unicode definition (HO)
) (/usr/local/texlive/2015/texmf-dist/tex/generic/oberdiek/stringenc.sty
Package: stringenc 2011/12/02 v1.10 Convert strings between diff. encodings (HO)
)
\pdfm@box=\box71
\c@Hy@AnnotLevel=\count200
\HyField@AnnotCount=\count201
\Fld@listcount=\count202
\c@bookmark@seq@number=\count203
 (/usr/local/texlive/2015/texmf-dist/tex/latex/oberdiek/rerunfilecheck.sty
Package: rerunfilecheck 2011/04/15 v1.7 Rerun checks for auxiliary files (HO)
Package rerunfilecheck Info: Feature \pdfmdfivesum is not available
(rerunfilecheck)             (e.g. pdfTeX or LuaTeX with package `pdftexcmds').
(rerunfilecheck)             Therefore file contents cannot be checked efficiently
(rerunfilecheck)             and the loading of the package is aborted.
)
\Hy@SectionHShift=\skip69
)
Package hyperref Info: Option `colorlinks' set `true' on input line 1520.
)
\c@theorem=\count204
\c@condition=\count205
\c@corollary=\count206
 (/Users/mmchenry/Documents/Manuscripts/Thunderdome/ms/.texpadtmp/Nair_tex.aux)
\openout1 = `Nair_tex.aux'.

LaTeX Font Info:    Checking defaults for OML/cmm/m/it on input line 14.
LaTeX Font Info:    ... okay on input line 14.
LaTeX Font Info:    Checking defaults for T1/cmr/m/n on input line 14.
LaTeX Font Info:    ... okay on input line 14.
LaTeX Font Info:    Checking defaults for OT1/cmr/m/n on input line 14.
LaTeX Font Info:    ... okay on input line 14.
LaTeX Font Info:    Checking defaults for OMS/cmsy/m/n on input line 14.
LaTeX Font Info:    ... okay on input line 14.
LaTeX Font Info:    Checking defaults for OMX/cmex/m/n on input line 14.
LaTeX Font Info:    ... okay on input line 14.
LaTeX Font Info:    Checking defaults for U/cmr/m/n on input line 14.
LaTeX Font Info:    ... okay on input line 14.
LaTeX Font Info:    Checking defaults for PD1/pdf/m/n on input line 14.
LaTeX Font Info:    ... okay on input line 14.
LaTeX Font Info:    Checking defaults for PU/pdf/m/n on input line 14.
LaTeX Font Info:    ... okay on input line 14.
LaTeX Font Info:    Try loading font information for T1+ppl on input line 14.
 (/usr/local/texlive/2015/texmf-dist/tex/latex/psnfss/t1ppl.fd
File: t1ppl.fd 2001/06/04 font definitions for T1/ppl.
)
Package crop Info: using `pdftex' graphics driver on input line 14.
Package marginnote Info: \pdfoutput not 0 and \pdflastxpos available.
(marginnote)             Extended position detection mode activated.
 (/usr/local/texlive/2015/texmf-dist/tex/latex/beamer/translator/dicts/translator-basic-dictionary/translator-basic-dictionary-English.dict
Dictionary: translator-basic-dictionary, Language: English 
) (/usr/local/texlive/2015/texmf-dist/tex/latex/siunitx/siunitx-abbreviations.cfg
File: siunitx-abbreviations.cfg 2015/01/21 v2.6e siunitx: Abbreviated units
) ABD: EveryShipout initializing macros (/usr/local/texlive/2015/texmf-dist/tex/latex/tools/longtable.sty
Package: longtable 2014/10/28 v4.11 Multi-page Table package (DPC)
\LTleft=\skip70
\LTright=\skip71
\LTpre=\skip72
\LTpost=\skip73
\LTchunksize=\count207
\LTcapwidth=\dimen233
\LT@head=\box72
\LT@firsthead=\box73
\LT@foot=\box74
\LT@lastfoot=\box75
\LT@cols=\count208
\LT@rows=\count209
\c@LT@tables=\count210
\c@LT@chunks=\count211
\LT@p@ftn=\toks66
)
\AtBeginShipoutBox=\box76
Package hyperref Info: Link coloring ON on input line 14.
 (/usr/local/texlive/2015/texmf-dist/tex/latex/hyperref/nameref.sty
Package: nameref 2012/10/27 v2.43 Cross-referencing by name of section
 (/usr/local/texlive/2015/texmf-dist/tex/generic/oberdiek/gettitlestring.sty
Package: gettitlestring 2010/12/03 v1.4 Cleanup title references (HO)
)
\c@section@level=\count212
)
LaTeX Info: Redefining \ref on input line 14.
LaTeX Info: Redefining \pageref on input line 14.
LaTeX Info: Redefining \nameref on input line 14.
 (/Users/mmchenry/Documents/Manuscripts/Thunderdome/ms/.texpadtmp/Nair_tex.out) (/Users/mmchenry/Documents/Manuscripts/Thunderdome/ms/.texpadtmp/Nair_tex.out)
\@outlinefile=\write5
\openout5 = `Nair_tex.out'.

\c__siunitx_mathsf_int=\count213
LaTeX Font Info:    Try loading font information for U+msa on input line 14.
 (/usr/local/texlive/2015/texmf-dist/tex/latex/amsfonts/umsa.fd
File: umsa.fd 2013/01/14 v3.01 AMS symbols A
)
LaTeX Font Info:    Try loading font information for U+msb on input line 14.
 (/usr/local/texlive/2015/texmf-dist/tex/latex/amsfonts/umsb.fd
File: umsb.fd 2013/01/14 v3.01 AMS symbols B
)
LaTeX Font Info:    Try loading font information for U+euex on input line 14.
 (/usr/local/texlive/2015/texmf-dist/tex/latex/amsfonts/ueuex.fd
File: ueuex.fd 2013/01/14 v3.01 Euler extra symbols
)
\c__siunitx_mathtt_int=\count214
LaTeX Font Info:    Font shape `T1/phv/m/n' will be
(Font)              scaled to size 15.30011pt on input line 43.
File: openaccesslogo_bw.pdf Graphic file (type QTm)
 <use  "openaccesslogo_bw.pdf" >
File: RS_crossmark_logo.pdf Graphic file (type QTm)
 <use  "RS_crossmark_logo.pdf" >
LaTeX Font Info:    Font shape `T1/phv/m/n' will be
(Font)              scaled to size 8.50006pt on input line 43.
LaTeX Font Info:    Font shape `T1/phv/b/n' will be
(Font)              scaled to size 8.50006pt on input line 43.
LaTeX Font Info:    Font shape `T1/phv/m/n' will be
(Font)              scaled to size 17.00012pt on input line 43.
LaTeX Font Info:    Font shape `T1/phv/m/n' will be
(Font)              scaled to size 11.90009pt on input line 43.
LaTeX Font Info:    Calculating math sizes for size <14> on input line 43.
LaTeX Font Info:    Calculating math sizes for size <11> on input line 43.


LaTeX Font Warning: Font shape `OT1/cmr/m/n' in size <5.5> not available
(Font)              size <5> substituted on input line 43.


LaTeX Font Warning: Font shape `OML/cmm/m/it' in size <5.5> not available
(Font)              size <5> substituted on input line 43.


LaTeX Font Warning: Font shape `OMS/cmsy/m/n' in size <5.5> not available
(Font)              size <5> substituted on input line 43.


LaTeX Font Warning: Font shape `OT1/cmss/m/n' in size <5.5> not available
(Font)              size <5> substituted on input line 43.


LaTeX Font Warning: Font shape `OT1/cmtt/m/n' in size <5.5> not available
(Font)              size <5> substituted on input line 43.


Overfull \hbox (11.48364pt too wide) in paragraph at lines 43--43
$[]$|  $[]$ 
 []

LaTeX Font Info:    Font shape `T1/phv/m/n' will be
(Font)              scaled to size 4.25003pt on input line 43.

Underfull \vbox (badness 10000) has occurred while \output is active []


Underfull \hbox (badness 10000) has occurred while \output is active
[]
 []

File: RSOS_Pubs_Logo_Line_CMYK.pdf Graphic file (type QTm)
<use  "RSOS_Pubs_Logo_Line_CMYK.pdf" >
LaTeX Font Info:    Font shape `T1/phv/m/n' will be
(Font)              scaled to size 6.37505pt on input line 52.
LaTeX Font Info:    Calculating math sizes for size <7.5> on input line 52.


LaTeX Font Warning: Font shape `OT1/cmr/m/n' in size <7.5> not available
(Font)              size <7> substituted on input line 52.


LaTeX Font Warning: Font shape `OT1/cmr/m/n' in size <3.75> not available
(Font)              size <5> substituted on input line 52.


LaTeX Font Warning: Font shape `OML/cmm/m/it' in size <7.5> not available
(Font)              size <7> substituted on input line 52.


LaTeX Font Warning: Font shape `OML/cmm/m/it' in size <3.75> not available
(Font)              size <5> substituted on input line 52.


LaTeX Font Warning: Font shape `OMS/cmsy/m/n' in size <7.5> not available
(Font)              size <7> substituted on input line 52.


LaTeX Font Warning: Font shape `OMS/cmsy/m/n' in size <3.75> not available
(Font)              size <5> substituted on input line 52.


LaTeX Font Warning: Font shape `OT1/cmss/m/n' in size <7.5> not available
(Font)              size <7> substituted on input line 52.


LaTeX Font Warning: Font shape `OT1/cmss/m/n' in size <3.75> not available
(Font)              size <5> substituted on input line 52.


LaTeX Font Warning: Font shape `OT1/cmtt/m/n' in size <7.5> not available
(Font)              size <7> substituted on input line 52.


LaTeX Font Warning: Font shape `OT1/cmtt/m/n' in size <3.75> not available
(Font)              size <5> substituted on input line 52.

LaTeX Font Info:    Try loading font information for OMS+phv on input line 52.
(/usr/local/texlive/2015/texmf-dist/tex/latex/psnfss/omsphv.fd
File: omsphv.fd 
)
LaTeX Font Info:    Font shape `OMS/phv/m/n' in size <7.5> not available
(Font)              Font shape `OMS/cmsy/m/n' tried instead on input line 52.


LaTeX Font Warning: Font shape `OMS/cmsy/m/n' in size <7.5> not available
(Font)              size <7> substituted on input line 52.

LaTeX Font Info:    Font shape `T1/phv/m/n' will be
(Font)              scaled to size 4.4625pt on input line 52.
LaTeX Font Info:    Font shape `T1/phv/m/n' will be
(Font)              scaled to size 3.18752pt on input line 52.

Overfull \hbox (14.27687pt too wide) has occurred while \output is active
[]  [][][][][][] 
 []

(/usr/local/texlive/2015/texmf-dist/tex/generic/oberdiek/se-ascii-print.def
File: se-ascii-print.def 2011/12/02 v1.10 stringenc: Printable ASCII characters
) [1


]
LaTeX Font Info:    Font shape `T1/phv/m/n' will be
(Font)              scaled to size 13.6001pt on input line 52.

Underfull \hbox (badness 2103) in paragraph at lines 73--81
[]\T1/ppl/m/n/9 Experimental ap-proaches for un-der-stand-ing the dy-nam-ics of preda-tors and prey are
 []

LaTeX Font Info:    Font shape `T1/phv/b/n' will be
(Font)              scaled to size 7.65005pt on input line 81.

Overfull \vbox (21.4162pt too high) has occurred while \output is active []

 [2]
Underfull \hbox (badness 1270) in paragraph at lines 82--93
[]\T1/ppl/m/n/9 Pursuit-evasion game mod-els con-sider the in-ter-ac-tions be-tween preda-tor and prey by
 []


Underfull \vbox (badness 10000) has occurred while \output is active []


Overfull \vbox (21.51176pt too high) has occurred while \output is active []

 [3]
Overfull \vbox (21.4162pt too high) has occurred while \output is active []

 [4]
Overfull \vbox (21.51176pt too high) has occurred while \output is active []

 [5]
Overfull \vbox (21.51176pt too high) has occurred while \output is active []

 [6]
Underfull \vbox (badness 10000) has occurred while \output is active []


Overfull \vbox (21.4162pt too high) has occurred while \output is active []

 [7]
Overfull \vbox (21.51176pt too high) has occurred while \output is active []

 [8]
Underfull \hbox (badness 3343) in paragraph at lines 229--239
[]\T1/ppl/m/n/9 Although hav-ing sim-i-lar be-hav-ior, adult and ju-ve-nile preda-tors dif-fered in cap-ture
 []


Underfull \vbox (badness 10000) has occurred while \output is active []


Overfull \vbox (21.51176pt too high) has occurred while \output is active []

 [9]
Overfull \vbox (21.51176pt too high) has occurred while \output is active []

 [10]
Overfull \vbox (21.4162pt too high) has occurred while \output is active []

 [11]
Overfull \vbox (21.4162pt too high) has occurred while \output is active []

 [12]
Underfull \vbox (badness 10000) has occurred while \output is active []


Overfull \vbox (21.51176pt too high) has occurred while \output is active []

 [13] (/Users/mmchenry/Documents/Manuscripts/Thunderdome/ms/.texpadtmp/Nair_tex.bbl
LaTeX Font Info:    Font shape `T1/ppl/bx/n' in size <9> not available
(Font)              Font shape `T1/ppl/b/n' tried instead on input line 14.

Overfull \vbox (21.4162pt too high) has occurred while \output is active []

 [14]
Underfull \hbox (badness 1552) in paragraph at lines 79--81
[]\T1/ppl/m/n/9 Weihs, D. & Webb, P., 1984 Op-ti-mal avoid-ance and eva-sion tac-tics in predator-prey
 []


Underfull \hbox (badness 2980) in paragraph at lines 154--156
[]\T1/ppl/m/n/9 Hedrick, T. L., 2008 Soft-ware tech-niques for two- and three-dimensional kine-matic
 []


Overfull \vbox (21.51176pt too high) has occurred while \output is active []

 [15])
Underfull \vbox (badness 10000) has occurred while \output is active []


Overfull \vbox (21.51176pt too high) has occurred while \output is active []

 [16]
LaTeX Font Info:    Font shape `T1/phv/b/n' will be
(Font)              scaled to size 7.22505pt on input line 397.
LaTeX Font Info:    Font shape `T1/phv/m/n' will be
(Font)              scaled to size 7.22505pt on input line 397.

Underfull \hbox (badness 10000) detected at line 397
[]
 []


Underfull \vbox (badness 10000) has occurred while \output is active []


Overfull \vbox (21.4162pt too high) has occurred while \output is active []

 [17]
File: fig_setup.pdf Graphic file (type QTm)
 <use  "fig_setup.pdf" >
Overfull \hbox (13.37279pt too wide) in paragraph at lines 430--438
 [][] 
 []

LaTeX Font Info:    Font shape `T1/phv/m/it' in size <8.5> not available
(Font)              Font shape `T1/phv/m/sl' tried instead on input line 438.
LaTeX Font Info:    Font shape `T1/phv/m/sl' will be
(Font)              scaled to size 7.22505pt on input line 438.

Underfull \vbox (badness 10000) has occurred while \output is active []


Overfull \vbox (21.51176pt too high) has occurred while \output is active []

 [18]
File: fig_PDFs.pdf Graphic file (type QTm)
 <use  "fig_PDFs.pdf" >
Overfull \hbox (13.37279pt too wide) in paragraph at lines 446--452
 [][] 
 []


Underfull \vbox (badness 10000) has occurred while \output is active []


Overfull \vbox (21.51176pt too high) has occurred while \output is active []

 [19]
File: fig_trajectories.pdf Graphic file (type QTm)
 <use  "fig_trajectories.pdf" >
File: fig_sensitivity.pdf Graphic file (type QTm)
 <use  "fig_sensitivity.pdf" >
Overfull \hbox (13.37279pt too wide) in paragraph at lines 476--482
 [][] 
 []


LaTeX Warning: `!h' float specifier changed to `!ht'.


Underfull \vbox (badness 10000) has occurred while \output is active []


Overfull \vbox (21.51176pt too high) has occurred while \output is active []

 [20] Setting LastPage
Overfull \vbox (21.4162pt too high) has occurred while \output is active []

 [21]
Package atveryend Info: Empty hook `BeforeClearDocument' on input line 490.
Package atveryend Info: Empty hook `AfterLastShipout' on input line 490.
 (/Users/mmchenry/Documents/Manuscripts/Thunderdome/ms/.texpadtmp/Nair_tex.aux)
Package atveryend Info: Empty hook `AtVeryEndDocument' on input line 490.
Package atveryend Info: Empty hook `AtEndAfterFileList' on input line 490.


LaTeX Font Warning: Size substitutions with differences
(Font)              up to 1.25pt have occurred.

Package atveryend Info: Empty hook `AtVeryVeryEnd' on input line 490.
 ) 
Here is how much of TeX's memory you used:
 29202 strings out of 493706
 564435 string characters out of 6145769
 575428 words of memory out of 5000000
 32114 multiletter control sequences out of 15000+600000
 55771 words of font info for 112 fonts, out of 8000000 for 9000
 1338 hyphenation exceptions out of 8191
 69i,18n,58p,10463b,971s stack positions out of 5000i,500n,10000p,200000b,80000s

Output written on /Users/mmchenry/Documents/Manuscripts/Thunderdome/ms/.texpadtmp/Nair_tex.pdf (21 pages).
